[ 33%] Building C object CMakeFiles/sqlite3.dir/shell.c.o
[ 66%] Building C object CMakeFiles/sqlite3.dir/sqlite3.c.o
/home/bakvivas/Documents/Obsidian/Obsidian/All/Road_To_DevOps/Собеседования/Тестовое на стажку в Инфотекс/sqlite-amalgamation-3260000/sqlite3.c: In function ‘sqlite3DefaultRowEst’:
/home/bakvivas/Documents/Obsidian/Obsidian/All/Road_To_DevOps/Собеседования/Тестовое на стажку в Инфотекс/sqlite-amalgamation-3260000/sqlite3.c:109562:3: warning: this ‘if’ clause does not guard... [-Wmisleading-indentation]
109562 |   if( pIdx->pPartIdxWhere!=0 ) a[0] -= 10;  assert( 10==sqlite3LogEst(2) );
       |   ^~
In file included from /home/bakvivas/Documents/Obsidian/Obsidian/All/Road_To_DevOps/Собеседования/Тестовое на стажку в Инфотекс/sqlite-amalgamation-3260000/sqlite3.c:13599:
/home/bakvivas/Documents/Obsidian/Obsidian/All/Road_To_DevOps/Собеседования/Тестовое на стажку в Инфотекс/sqlite-amalgamation-3260000/sqlite3.c:109562:45: note: ...this statement, but the latter is misleadingly indented as if it were guarded by the ‘if’
109562 |   if( pIdx->pPartIdxWhere!=0 ) a[0] -= 10;  assert( 10==sqlite3LogEst(2) );
       |                                             ^~~~~~
/home/bakvivas/Documents/Obsidian/Obsidian/All/Road_To_DevOps/Собеседования/Тестовое на стажку в Инфотекс/sqlite-amalgamation-3260000/sqlite3.c:109563:3: warning: this ‘if’ clause does not guard... [-Wmisleading-indentation]
109563 |   if( a[0]<33 ) a[0] = 33;                  assert( 33==sqlite3LogEst(10) );
       |   ^~
/home/bakvivas/Documents/Obsidian/Obsidian/All/Road_To_DevOps/Собеседования/Тестовое на стажку в Инфотекс/sqlite-amalgamation-3260000/sqlite3.c:109563:45: note: ...this statement, but the latter is misleadingly indented as if it were guarded by the ‘if’
109563 |   if( a[0]<33 ) a[0] = 33;                  assert( 33==sqlite3LogEst(10) );
       |                                             ^~~~~~
/home/bakvivas/Documents/Obsidian/Obsidian/All/Road_To_DevOps/Собеседования/Тестовое на стажку в Инфотекс/sqlite-amalgamation-3260000/sqlite3.c: In function ‘sqlite3SelectNew’:
/home/bakvivas/Documents/Obsidian/Obsidian/All/Road_To_DevOps/Собеседования/Тестовое на стажку в Инфотекс/sqlite-amalgamation-3260000/sqlite3.c:124086:10: warning: function may return address of local variable [-Wreturn-local-addr]
124086 |   return pNew;
       |          ^~~~
/home/bakvivas/Documents/Obsidian/Obsidian/All/Road_To_DevOps/Собеседования/Тестовое на стажку в Инфотекс/sqlite-amalgamation-3260000/sqlite3.c:124046:10: note: declared here
124046 |   Select standin;
       |          ^~~~~~~
[100%] Linking C shared library libsqlite3.so
[100%] Built target sqlite3
